762
0.629543 0.736225 0.725412 0.999458 0.888572 
0.688981 0.702207 0.987145 0.954415 0.85127 
0.997599 0.639523 0.468075 0.931915 0.690773 
0.995401 0.698066 0.40274 0.849278 0.819527 
0.913002 0.827927 0.970299 0.81328 0.797872 
1 0.999092 0.741617 0.349783 0.796585 
0.020403 0.915687 0.959515 0.568632 0.997882 
0.596703 0.78021 0.986729 0.954354 0.822799 
0.901082 0.490272 0.002337 0.275718 0.999875 
0.978818 0.990922 0.425526 0.817021 0.669812 
0.978456 0.912228 0.814702 0.696904 0.864248 
0.239512 0.472938 0.673935 0.832153 0.999937 
0.931441 0.723388 0.979397 0.722644 0.482806 
0.061699 0.978219 0.932629 0.69096 0.969042 
0.47741 0.822263 0.781637 0.967335 0.997172 
0.837924 0.993932 0.0116 0.966809 0.160849 
0.50936 0.816921 0.992238 0.542212 0.951753 
0.897896 0.935562 0.991052 0.61871 0.651392 
0.832867 0.994498 0.527417 0.291128 0.981525 
0.995114 0.875826 0.999962 0.363192 0.164792 
0.842683 0.971083 0.987141 0.884369 0.588066 
0.816497 0.869029 0.766644 0.98973 0.395484 
0.946092 0.97364 0.964646 0.81112 0.497419 
0.351996 0.995693 0.619859 0.966183 0.635063 
0.928537 0.915465 0.215075 0.760811 0.943136 
0.99788 0.371761 0.186289 0.956796 0.868991 
0.335571 0.934488 0.93806 0.981253 0.921949 
0.929959 0.826917 0.989997 0.876604 0.089494 
0.696793 0.999835 0.223901 0.09963 0.480559 
0.016746 0.452846 0.984815 0.780627 0.999547 
0.444391 0.876122 0.978691 0.864044 0.979296 
0.967867 0.944903 0.989648 0.008721 0.580532 
0.887423 0.923773 0.855433 0.254357 0.982889 
0.269232 0.987771 0.466293 0.989885 0.999348 
0.906348 0.998979 0.846884 0.577424 0.770503 
0.950591 0.589953 0.34771 0.954364 0.988428 
0.466939 0.840661 0.987266 0.97271 0.342227 
0.86267 0.902064 0.995326 0.438365 0.606512 
0.538882 0.993846 0.575642 0.808054 0.963148 
0.991649 0.648624 0.429938 0.972331 0.973198 
0.512267 0.670018 0.992673 0.857965 0.819984 
0.82424 0.998736 0.750813 0.908319 0.124236 
0.880785 0.356398 0.987973 0.85958 0.960228 
0.975431 0.072345 0.894444 0.925269 0.990827 
0.738794 0.9175 0.429285 0.984649 0.994753 
0.194323 0.988275 0.94294 0.98977 0.056554 
0.256203 0.995714 0.971083 0.987501 0.935107 
0.815432 0.971969 0.888079 0.940726 0.785206 
0.296115 0.807222 0.985527 0.749149 0.951292 
0.107931 0.999991 0.856237 0.78237 0.285837 
0.944902 0.963226 0.937149 0.656964 0.592017 
0.314629 0.965726 0.957489 0.512225 0.970466 
0.983628 0.833826 0.111191 0.795322 0.974623 
0.913584 0.605402 0.997488 0.786693 0.949034 
0.039503 0.927222 0.824473 0.918901 0.976591 
0.262032 0.978758 0.989671 0.401676 0.961336 
0.982019 0.790668 0.753419 0.721062 0.895276 
0.745865 0.75576 0.058836 0.858273 0.997573 
0.994761 0.942984 0.727358 0.703859 0.763087 
0.673086 0.552802 0.93779 0.43821 0.998225 
0.482177 0.941627 0.930326 0.989204 0.555936 
0.264711 0.992489 0.760453 0.92573 0.75165 
0.987757 0.236527 0.303501 0.938299 0.990444 
0.845666 0.100434 0.986227 0.515618 0.99196 
0.521657 0.492354 0.997963 0.758476 0.709281 
0.880704 0.99479 0.438205 0.91244 0.386227 
0.322247 0.99993 0.83042 0.861402 0.585046 
0.981736 0.029183 0.478491 0.999092 0.741515 
0.977682 0.897234 0.813767 0.981069 0.830314 
0.289157 0.856487 0.982031 0.989105 0.894038 
0.748854 0.994406 0.983133 0.517847 0.45056 
0.409138 0.388937 0.868924 0.998777 0.444918 
0.123519 0.982193 0.711727 0.996702 0.562281 
0.972987 0.999942 0.027621 0.21905 0.572349 
0.806747 0.998333 0.990998 0.695331 0.428534 
0.976697 0.352282 0.798095 0.574344 0.992778 
0.410377 0.20686 0.702326 0.998867 0.95363 
0.075739 0.942392 0.775988 0.038555 0.99502 
0.918842 0.985585 0.728478 0.537798 0.767195 
0.78377 0.823587 0.032803 0.31588 0.999915 
0.980716 0.890342 0.980841 0.993702 0.156018 
0.886132 0.221572 0.961961 0.675729 0.97172 
0.534063 0.988686 0.848552 0.620213 0.923803 
0.163598 0.585053 0.99369 0.952563 0.734518 
0.222159 0.823288 0.99878 0.500555 0.83381 
0.9192 0.99691 0.062022 0.407301 0.512424 
0.853806 0.924472 0.60671 0.980179 0.862954 
0.866272 0.436362 0.932227 0.944129 0.977244 
0.832153 0.998646 0.245716 0.744744 0.909119 
0.531116 0.474378 0.878086 0.988814 0.999176 
0.893794 0.995587 0.838929 0.884802 0.865971 
0.998332 0.958455 0.761208 0.621604 0.299274 
0.462318 0.182236 0.843756 0.999563 0.648245 
0.899682 0.962383 0.762874 0.62116 0.837833 
0.996298 0.773602 0.935613 0.845551 0.177495 
0.633484 0.971617 0.969473 0.935359 0.571954 
0.622537 0.987184 0.60445 0.985339 0.600562 
0.699351 0.995082 0.346818 0.966248 0.732649 
0.448206 0.999944 0.064436 0.972805 0.939785 
0.966417 0.565943 0.804951 0.809006 0.968543 
0.59261 0.99735 0.455703 0.997289 0.438776 
0.828956 0.27066 0.987802 0.985902 0.046716 
0.665784 0.826613 0.886609 0.241863 0.993419 
0.938121 0.995425 0.114688 0.553816 0.987395 
0.869392 0.872191 0.906705 0.997461 0.326917 
0.873989 0.135478 0.970368 0.969102 0.693039 
0.264576 0.731897 0.991112 0.617652 0.871595 
0.303564 0.998686 0.913822 0.599566 0.913054 
0.981841 0.802036 0.812875 0.983492 0.545349 
0.98856 0.730299 0.128626 0.809719 0.946199 
0.377541 0.331645 0.959768 0.823109 0.991819 
0.916092 0.757718 0.974471 0.937689 0.747315 
0.077596 0.163086 0.979702 0.85488 0.965834 
0.789844 0.909441 0.974532 0.952503 0.726153 
0.184384 0.934917 0.141905 0.990652 0.885606 
0.835128 0.998815 0.08207 0.354545 0.833936 
0.491754 0.910508 0.914112 0.475872 0.978872 
0.763134 0.999043 0.919613 0.935894 0.569595 
0.651811 0.990119 0.92853 0.798327 0.489 
0.433387 0.936426 0.50586 0.995213 0.548751 
0.928479 0.942921 0.671831 0.465448 0.784493 
0.998554 0.68963 0.612478 0.925329 0.997768 
0.89409 0.964103 0.682967 0.63436 0.691672 
0.877372 0.99693 0.407134 0.697607 0.684711 
0.642403 0.871883 0.742546 0.971795 0.955515 
0.185018 0.5998 0.844278 0.784733 0.999276 
0.998843 0.561373 0.991766 0.615078 0.614587 
0.964656 0.966286 0.365606 0.745041 0.906303 
0.409055 0.995757 0.695718 0.939768 0.676284 
0.398584 0.999629 0.767213 0.541665 0.766694 
0.469147 0.957608 0.524424 0.993486 0.525381 
0.293152 0.997438 0.937407 0.994416 0.149584 
0.256617 0.956088 0.97143 0.82519 0.971283 
0.538704 0.999211 0.745613 0.521201 0.82857 
0.349117 0.609776 0.504611 0.998927 0.969157 
0.43588 0.839636 0.766584 0.98441 0.971983 
0.781463 0.049531 0.47361 0.957815 0.989729 
0.791634 0.998645 0.234062 0.884977 0.812795 
0.662745 0.758834 0.717499 0.998851 0.686806 
0.968227 0.98589 0.851408 0.622396 0.60976 
0.997514 0.217707 0.998103 0.113032 0.721306 
0.648003 0.979591 0.983806 0.83221 0.94782 
0.649929 0.360325 0.981554 0.980601 0.958489 
0.960013 0.940546 0.759085 0.947307 0.38568 
0.92009 0.945846 0.839634 0.731882 0.745857 
0.997102 0.295886 0.9529 0.38716 0.99568 
0.328494 0.999213 0.766087 0.624055 0.492093 
0.819356 0.911345 0.978379 0.616526 0.944648 
0.941439 0.772355 0.965537 0.786009 0.454336 
0.996592 0.716072 0.021892 0.940597 0.615556 
0.728243 0.575534 0.999654 0.184131 0.691177 
0.902455 0.555709 0.805436 0.967394 0.984273 
0.996003 0.825725 0.956722 0.627227 0.812192 
0.708919 0.799249 0.986314 0.983305 0.404908 
0.807639 0.982497 0.820194 0.999467 0.046211 
0.957516 0.96599 0.399885 0.859993 0.907845 
0.081434 0.656274 0.991358 0.756823 0.919299 
0.861069 0.98196 0.806197 0.746587 0.883189 
0.593781 0.684175 0.921812 0.893794 0.995822 
0.736353 0.877484 0.865828 0.973253 0.470521 
0.849131 0.352937 0.81792 0.778485 0.99943 
0.992843 0.709362 0.245414 0.668709 0.998948 
0.625784 0.559127 0.239748 0.444101 0.999942 
0.437729 0.906323 0.569703 0.999204 0.625502 
0.993313 0.618847 0.964867 0.519426 0.995272 
0.685898 0.885037 0.811745 0.990592 0.877225 
0.908117 0.728922 0.995788 0.203188 0.981489 
0.817456 0.978639 0.992851 0.850409 0.819432 
0.8404 0.599623 0.863308 0.619682 0.999316 
0.856843 0.964656 0.97358 0.958825 0.969201 
0.845544 0.050692 0.976437 0.970524 0.605109 
0.176593 0.9972 0.933413 0.867389 0.199933 
0.816662 0.634367 0.802556 0.551853 0.998497 
0.903012 0.928937 0.642793 0.414705 0.93882 
0.528023 0.475989 0.9452 0.983756 0.981327 
0.961951 0.514419 0.846369 0.923839 0.964304 
0.427076 0.860877 0.756643 0.899863 0.992862 
0.925844 0.659117 0.772861 0.471768 0.998733 
0.820848 0.989278 0.802935 0.927566 0.599919 
0.995803 0.457036 0.409647 0.939606 0.953208 
0.921098 0.897363 0.980325 0.323885 0.540446 
0.576303 0.916161 0.91354 0.869638 0.998487 
0.960254 0.988579 0.049247 0.688106 0.993414 
0.74121 0.522222 0.992502 0.983629 0.857297 
0.570041 0.681798 0.97733 0.989922 0.617428 
0.324568 0.021761 0.744447 0.928363 0.999759 
0.304357 0.334373 0.807164 0.999083 0.594794 
0.387804 0.827265 0.850233 0.873148 0.998253 
0.981017 0.950732 0.946974 0.794138 0.075617 
0.559879 0.886996 0.747446 0.332897 0.999013 
0.725471 0.985956 0.963692 0.772847 0.238151 
0.990596 0.942074 0.444212 0.86808 0.824432 
0.945677 0.995172 0.848933 0.013926 0.062138 
0.192118 0.934541 0.836496 0.993181 0.390516 
0.909914 0.928901 0.041172 0.973392 0.802098 
0.750878 0.999323 0.623441 0.171937 0.747156 
0.872723 0.858569 0.971841 0.739287 0.188689 
0.961615 0.859343 0.981404 0.452997 0.51443 
0.864283 0.998379 0.757755 0.583973 0.837555 
0.828582 0.97905 0.891451 0.622994 0.664312 
0.879972 0.695127 0.991106 0.523054 0.97435 
0.973684 0.705764 0.781968 0.543404 0.988166 
0.643294 0.844706 0.973487 0.403819 0.989151 
0.842141 0.859929 0.824159 0.636877 0.991836 
0.96961 0.243457 0.775669 0.669126 0.996246 
0.724801 0.726652 0.834771 0.99894 0.188311 
0.939846 0.99012 0.946084 0.837586 0.311737 
0.975189 0.996692 0.407429 0.653288 0.806777 
0.985125 0.992911 0.851073 0.977948 0.373111 
0.999605 0.361055 0.256612 0.872894 0.724742 
0.423524 0.162725 0.922413 0.999906 0.426274 
0.979235 0.999803 0.697084 0.896497 0.419506 
0.605411 0.135835 0.980174 0.784315 0.97511 
0.998971 0.703098 0.965181 0.789523 0.516439 
0.978113 0.142675 0.94651 0.987014 0.738895 
0.371361 0.459211 0.966375 0.870351 0.989416 
0.468733 0.999645 0.037715 0.882237 0.753445 
0.998627 0.916194 0.477712 0.902634 0.563743 
0.47974 0.997609 0.809379 0.232691 0.834222 
0.990347 0.75769 0.502706 0.971358 0.614099 
0.949893 0.849226 0.934827 0.630273 0.993023 
0.846789 0.983756 0.993779 0.436114 0.774563 
0.946803 0.923457 0.541077 0.886999 0.789748 
0.947869 0.827881 0.196701 0.960611 0.9898 
0.995156 0.581654 0.866924 0.384779 0.98559 
0.792816 0.862972 0.977207 0.910189 0.554833 
0.608673 0.963935 0.847278 0.205271 0.993307 
0.166954 0.998071 0.578271 0.007318 0.990931 
0.969512 0.581465 0.674055 0.834115 0.971531 
0.695918 0.292412 0.570893 0.999687 0.731546 
0.795499 0.950052 0.520138 0.967324 0.814184 
0.565408 0.813173 0.991906 0.969031 0.498203 
0.620396 0.994103 0.893669 0.888831 0.576352 
0.890887 0.140237 0.955611 0.954716 0.906502 
0.998927 0.964202 0.351064 0.335449 0.898834 
0.999756 0.892424 0.970347 0.61391 0.982062 
0.508651 0.898566 0.197715 0.999728 0.432954 
0.273314 0.579996 0.999876 0.912512 0.583458 
0.808169 0.891824 0.886696 0.69691 0.972839 
0.360845 0.725471 0.99595 0.937448 0.680843 
0.9025 0.319798 0.839693 0.715 0.996652 
0.667696 0.96073 0.997115 0.510947 0.47978 
0.865942 0.888554 0.924186 0.799833 0.786079 
0.996309 0.961263 0.948697 0.749967 0.690358 
0.900338 0.984117 0.062236 0.995512 0.562918 
0.224665 0.945253 0.872221 0.414112 0.98688 
0.699232 0.998231 0.2694 0.801922 0.903389 
0.661508 0.972748 0.979818 0.801212 0.96683 
0.230318 0.950497 0.998563 0.848482 0.434964 
0.979165 0.820824 0.581603 0.999551 0.446333 
0.296273 0.452966 0.992498 0.906344 0.921639 
0.504754 0.397154 0.962039 0.997759 0.334894 
0.468708 0.581287 0.68525 0.999739 0.610643 
0.019915 0.708573 0.989516 0.803117 0.99569 
0.909381 0.970909 0.072703 0.922056 0.98895 
0.999555 0.516856 0.801556 0.74921 0.969612 
0.999373 0.46069 0.821437 0.893314 0.927696 
0.705715 0.955731 0.967572 0.978696 0.949257 
0.996512 0.372339 0.904432 0.796013 0.598456 
0.992741 0.998025 0.798045 0.742142 0.185151 
0.195443 0.802523 0.997973 0.937692 0.793092 
0.995103 0.696257 0.996951 0.754679 0.896165 
0.987203 0.922764 0.890259 0.580226 0.859598 
0.937822 0.977924 0.975633 0.470546 0.470518 
0.931038 0.959104 0.658331 0.576303 0.925685 
0.938535 0.950133 0.881676 0.333252 0.960875 
0.833871 0.877847 0.973973 0.560774 0.933465 
0.973155 0.820871 0.376441 0.845777 0.96725 
0.961623 0.999568 0.743954 0.633554 0.148844 
0.275584 0.737898 0.852084 0.974772 0.986058 
0.989315 0.41012 0.892246 0.972025 0.829583 
0.983501 0.699583 0.887903 0.979565 0.542297 
0.953848 0.326163 0.829643 0.813232 0.995427 
0.898669 0.930528 0.386788 0.740525 0.999639 
0.99991 0.494191 0.866486 0.024799 0.797318 
0.192726 0.141489 0.99981 0.808649 0.967667 
0.902539 0.975374 0.102516 0.994813 0.824953 
0.803294 0.956046 0.264294 0.991418 0.763607 
0.977497 0.792693 0.79858 0.728677 0.871933 
0.574935 0.936328 0.870767 0.988977 0.729233 
0.988725 0.496936 0.99981 0.802326 0.685134 
0.991124 0.813945 0.97086 0.238451 0.651529 
0.972028 0.876776 0.977965 0.649953 0.766373 
0.524476 0.864272 0.814303 0.988978 0.746795 
0.636222 0.978475 0.227881 0.996773 0.770759 
0.878376 0.864501 0.673509 0.666924 0.997986 
0.928362 0.982243 0.56207 0.708921 0.836143 
0.76479 0.824024 0.376269 0.959419 0.96252 
0.865471 0.973919 0.652868 0.760814 0.997968 
0.999909 0.47648 0.196471 0.089955 0.872069 
0.813208 0.58779 0.993144 0.776224 0.993298 
0.521984 0.981668 0.892575 0.508595 0.94936 
0.102571 0.913425 0.941298 0.402867 0.979412 
0.221753 0.99518 0.987053 0.392812 0.984864 
0.907206 0.404993 0.716595 0.805199 0.985634 
0.727613 0.999448 0.725025 0.488036 0.421904 
0.655379 0.960433 0.989342 0.873363 0.613926 
0.601618 0.398048 0.99583 0.90807 0.932378 
0.951725 0.643093 0.462188 0.999141 0.561593 
0.996684 0.27107 0.870405 0.895248 0.434318 
0.345868 0.998725 0.574985 0.780371 0.695068 
0.916698 0.947033 0.783148 0.374367 0.985719 
0.361099 0.996603 0.9023 0.963561 0.569239 
0.904801 0.995054 0.865848 0.311478 0.007573 
0.172823 0.638154 0.45725 0.999501 0.613036 
0.98983 0.076189 0.501216 0.944844 0.992811 
0.979597 0.088234 0.940917 0.989634 0.785834 
0.49342 0.908272 0.330517 0.998095 0.99076 
0.824512 0.570055 0.920565 0.932171 0.997091 
0.20271 0.952518 0.974115 0.959009 0.057886 
0.071199 0.645207 0.99997 0.499097 0.318483 
0.99268 0.971964 0.799406 0.617587 0.776905 
0.208663 0.996073 0.998491 0.6312 0.573548 
0.922231 0.93132 0.695685 0.380018 0.962138 
0.500145 0.934936 0.470878 0.050039 0.999719 
0.820614 0.051284 0.934075 0.997597 0.613039 
0.876003 0.97727 0.968557 0.541462 0.344935 
0.478594 0.726364 0.99982 0.978795 0.599181 
0.021523 0.739334 0.991432 0.998547 0.573228 
0.997562 0.022782 0.895756 0.96571 0.684427 
0.979422 0.146654 0.805554 0.951261 0.8405 
0.000947 0.922889 0.997657 0.628902 0.949101 
0.29742 0.738439 0.937755 0.850716 0.982621 
0.930386 0.996881 0.572311 0.824822 0.776203 
0.8287 0.964944 0.815966 0.939869 0.383387 
0.239362 0.950734 0.99095 0.904969 0.821923 
0.425001 0.997618 0.972496 0.743271 0.160348 
0.423429 0.577854 0.994163 0.899741 0.939959 
0.947096 0.835545 0.997663 0.722184 0.747998 
0.684468 0.852589 0.462618 0.216517 0.999827 
0.266377 0.999175 0.129936 0.838021 0.624689 
0.992757 0.263143 0.640618 0.872432 0.95837 
0.993627 0.88219 0.968922 0.677077 0.630093 
0.975301 0.883606 0.773537 0.829653 0.977633 
0.905247 0.483981 0.270718 0.954601 0.980409 
0.889707 0.304812 0.981518 0.379958 0.9594 
0.94782 0.012311 0.906875 0.841196 0.976852 
0.12244 0.843815 0.997002 0.613193 0.933836 
0.47016 0.971368 0.785144 0.914617 0.964469 
0.494138 0.970006 0.897318 0.230082 0.979976 
0.993047 0.132741 0.978552 0.526323 0.905053 
0.999807 0.75316 0.364749 0.331639 0.86492 
0.68995 0.989343 0.885001 0.210617 0.83616 
0.525999 0.469507 0.997335 0.208601 0.954704 
0.982911 0.788574 0.562972 0.868144 0.902585 
0.052676 0.318476 0.623252 0.99962 0.614724 
0.544041 0.691438 0.997559 0.97094 0.589447 
0.956564 0.979113 0.949271 0.401977 0.035266 
0.380491 0.905574 0.985105 0.655853 0.913151 
0.987189 0.681101 0.266437 0.999087 0.660825 
0.96185 0.813053 0.978142 0.638452 0.470775 
0.142262 0.999871 0.835485 0.988547 0.502856 
0.555601 0.993217 0.997936 0.305102 0.856752 
0.80567 0.903314 0.995619 0.365307 0.721819 
0.955295 0.644313 0.965726 0.959594 0.89589 
0.627967 0.234064 0.917245 0.143095 0.999594 
0.509123 0.83596 0.980921 0.339024 0.975648 
0.935619 0.94612 0.438072 0.68007 0.94215 
0.547807 0.999643 0.00425 0.426655 0.785088 
0.979291 0.951255 0.745989 0.835516 0.516044 
0.977628 0.995691 0.581337 0.53719 0.545667 
0.706609 0.970487 0.977982 0.944037 0.4303 
0.949979 0.298685 0.996266 0.247154 0.914756 
0.829376 0.323416 0.6602 0.988814 0.989049 
0.998959 0.496317 0.60528 0.941305 0.521303 
0.999761 0.987906 0.731362 0.998841 0.513671 
0.94608 0.773606 0.990319 0.29469 0.858697 
0.669354 0.831973 0.973637 0.917532 0.953636 
0.171411 0.912469 0.863267 0.931635 0.986209 
0.894859 0.894823 0.285 0.992085 0.980985 
0.172964 0.99926 0.566404 0.546733 0.936735 
0.517731 0.502647 0.988147 0.78485 0.97084 
0.932699 0.873955 0.563409 0.215743 0.998076 
0.920382 0.86684 0.986223 0.445924 0.647957 
0.845949 0.866544 0.999988 0.800334 0.207949 
0.99702 0.917834 0.042239 0.913238 0.797751 
0.925037 0.100613 0.99869 0.988728 0.547737 
0.282918 0.998831 0.354177 0.660363 0.719778 
0.680347 0.595341 0.900101 0.998453 0.996708 
0.916999 0.994501 0.580393 0.670416 0.673951 
0.845715 0.93287 0.739987 0.964503 0.395942 
0.042125 0.999957 0.280835 0.992648 0.426943 
0.575056 0.969001 0.996642 0.558862 0.800146 
0.973639 0.944556 0.153618 0.858556 0.759035 
0.659526 0.646158 0.982684 0.971607 0.794468 
0.868294 0.414927 0.684802 0.4751 0.998847 
0.93937 0.998653 0.3683 0.021119 0.955281 
0.931697 0.027241 0.845239 0.93461 0.987403 
0.996108 0.58406 0.288509 0.963754 0.820031 
0.871268 0.395726 0.965131 0.961728 0.764587 
0.700363 0.997901 0.71771 0.551138 0.978853 
0.238547 0.259347 0.836675 0.999164 0.950337 
0.453003 0.623358 0.772833 0.999845 0.401645 
0.955298 0.689721 0.147973 0.981673 0.983956 
0.88581 0.816267 0.993966 0.593139 0.882157 
0.885568 0.73386 0.98984 0.233765 0.883043 
0.723445 0.942987 0.786658 0.36568 0.984613 
0.818706 0.994108 0.971564 0.084436 0.116124 
0.998151 0.92155 0.495586 0.310406 0.995333 
0.692687 0.992655 0.556791 0.982821 0.266455 
0.609544 0.610875 0.976259 0.987285 0.2941 
0.357232 0.999569 0.750919 0.702186 0.637581 
0.997489 0.80208 0.552326 0.936791 0.6474 
0.563752 0.987385 0.986858 0.118157 0.864313 
0.968043 0.893965 0.875136 0.405783 0.995392 
0.805966 0.870045 0.849041 0.836852 0.97529 
0.586125 0.998182 0.450347 0.977779 0.539606 
0.780313 0.72452 0.999446 0.695355 0.828281 
0.996903 0.949299 0.868539 0.528968 0.364669 
0.991186 0.861794 0.170701 0.968224 0.941741 
0.893378 0.997045 0.328789 0.959957 0.993102 
0.099779 0.979096 0.665769 0.57714 0.988074 
0.737013 0.978813 0.904495 0.853732 0.667448 
0.955383 0.114747 0.548438 0.598739 0.999976 
0.437312 0.907655 0.954958 0.984674 0.41423 
0.010595 0.075266 0.994228 0.996786 0.986336 
0.887928 0.406258 0.982507 0.993133 0.589972 
0.998768 0.297876 0.399711 0.936257 0.678639 
0.018679 0.94502 0.949128 0.993201 0.729444 
0.48598 0.87325 0.711069 0.942464 0.986485 
0.989154 0.713153 0.970451 0.377997 0.994122 
0.718986 0.999655 0.20646 0.968487 0.359797 
0.676623 0.998428 0.573748 0.976841 0.759657 
0.290868 0.6223 0.990813 0.595228 0.995272 
0.464507 0.967275 0.994857 0.55423 0.937954 
0.86734 0.382993 0.971143 0.997244 0.677458 
0.906782 0.285533 0.947628 0.778126 0.968227 
0.902598 0.971678 0.994485 0.307934 0.445397 
0.822148 0.844469 0.997089 0.079033 0.303866 
0.923242 0.928879 0.673184 0.198131 0.995454 
0.186328 0.608435 0.968307 0.334146 0.99771 
0.917948 0.957751 0.918424 0.955964 0.881782 
0.506158 0.994972 0.49164 0.985871 0.535865 
0.998013 0.599443 0.83923 0.944495 0.125241 
0.678664 0.3016 0.987624 0.994154 0.754131 
0.847572 0.135179 0.961437 0.863926 0.997597 
0.992452 0.148383 0.881471 0.881823 0.796304 
0.851003 0.799547 0.991426 0.89804 0.364953 
0.867962 0.828958 0.298507 0.999252 0.429638 
0.440463 0.863389 0.984703 0.899559 0.892167 
0.990978 0.374693 0.456891 0.972077 0.706262 
0.856307 0.951903 0.635208 0.937049 0.98108 
0.555529 0.769322 0.987088 0.989212 0.690471 
0.711038 0.412791 0.772059 0.999714 0.19097 
0.691849 0.902866 0.47141 0.988089 0.809903 
0.977149 0.950481 0.733562 0.978975 0.638755 
0.61046 0.993134 0.606587 0.91174 0.609388 
0.979583 0.852957 0.65193 0.982439 0.845568 
0.997868 0.164988 0.957926 0.864184 0.332505 
0.89444 0.844728 0.335449 0.894983 0.979697 
0.995894 0.994206 0.615079 0.625333 0.966969 
0.082277 0.825727 0.999884 0.058129 0.975544 
0.9856 0.973084 0.619828 0.455935 0.897427 
0.902227 0.72089 0.999237 0.182387 0.382082 
0.953888 0.989503 0.577953 0.653526 0.804658 
0.331052 0.98571 0.829757 0.723923 0.973335 
0.482359 0.999726 0.400278 0.479615 0.884434 
0.990896 0.993331 0.905746 0.877105 0.499327 
0.952319 0.628726 0.999929 0.807308 0.430314 
0.345485 0.564464 0.93937 0.999256 0.49671 
0.646624 0.817811 0.950535 0.639018 0.980299 
0.969051 0.836169 0.485859 0.827453 0.996324 
0.8954 0.982208 0.96772 0.466214 0.656765 
0.927053 0.979478 0.091382 0.863499 0.825308 
0.338484 0.906467 0.997498 0.941851 0.685684 
0.99613 0.960406 0.546127 0.756883 0.928925 
0.503595 0.916225 0.992061 0.56607 0.945518 
0.546964 0.81942 0.999727 0.412425 0.626262 
0.547778 0.505087 0.999879 0.97074 0.224601 
0.559875 0.825426 0.939667 0.985827 0.798425 
0.881158 0.616281 0.83013 0.998511 0.974996 
0.262924 0.969715 0.993668 0.571231 0.687328 
0.776699 0.987136 0.78848 0.987085 0.945275 
0.643825 0.76301 0.913832 0.780567 0.98748 
0.613497 0.04235 0.768064 0.858928 0.997888 
0.996298 0.784966 0.928481 0.984479 0.137486 
0.729709 0.216693 0.963329 0.67335 0.999886 
0.477222 0.66322 0.737293 0.679479 0.999272 
0.861832 0.80502 0.974415 0.9975 0.981288 
0.853612 0.660735 0.981374 0.959928 0.502239 
0.217528 0.999727 0.40794 0.255109 0.622045 
0.871601 0.993497 0.710412 0.890402 0.978194 
0.600225 0.980362 0.939961 0.932053 0.022843 
0.567382 0.985254 0.170027 0.638365 0.99966 
0.428928 0.997821 0.374486 0.983635 0.948615 
0.473227 0.525494 0.975485 0.983561 0.70758 
0.358297 0.889389 0.957031 0.816267 0.996486 
0.765512 0.964351 0.845539 0.980051 0.716361 
0.93424 0.776389 0.762408 0.791872 0.986094 
0.793122 0.994958 0.251026 0.988112 0.205839 
0.21148 0.336763 0.979056 0.996466 0.597036 
0.913793 0.122823 0.288689 0.997858 0.995125 
0.192529 0.841719 0.774498 0.981495 0.981745 
0.880941 0.969107 0.77394 0.60671 0.968369 
0.386028 0.971138 0.917571 0.622775 0.97119 
0.973489 0.427478 0.627884 0.852859 0.996856 
0.726423 0.993206 0.807168 0.071516 0.977023 
0.933593 0.903308 0.891794 0.38501 0.861615 
0.838744 0.767121 0.998837 0.459442 0.843613 
0.757363 0.999985 0.752515 0.512063 0.248502 
0.918852 0.142081 0.95809 0.62182 0.935233 
0.98963 0.718246 0.555525 0.70333 0.860458 
0.998491 0.631928 0.806562 0.888455 0.267039 
0.924253 0.923057 0.826358 0.594746 0.891912 
0.362246 0.272082 0.873803 0.999937 0.934002 
0.986298 0.712943 0.432017 0.907835 0.982668 
0.991716 0.778322 0.251968 0.822564 0.826491 
0.997262 0.976402 0.382263 0.698801 0.748563 
0.715295 0.969653 0.951328 0.973993 0.903702 
0.354366 0.823077 0.455345 0.977747 0.990554 
0.706465 0.54983 0.997798 0.995909 0.237747 
0.994764 0.995029 0.453649 0.479252 0.786464 
0.898094 0.266793 0.998273 0.979259 0.410844 
0.98168 0.098589 0.977792 0.748257 0.947578 
0.999892 0.185597 0.331499 0.506945 0.222616 
0.421388 0.27548 0.997141 0.95417 0.727798 
0.428511 0.976581 0.40476 0.803355 0.990363 
0.998964 0.594632 0.982975 0.855363 0.08426 
0.872654 0.696494 0.977982 0.949836 0.899801 
0.838214 0.859484 0.344498 0.972749 0.985414 
0.976184 0.727544 0.840183 0.953231 0.960897 
0.988695 0.992565 0.047053 0.817337 0.977382 
0.178497 0.999818 0.946002 0.455849 0.446778 
0.389479 0.977698 0.174272 0.988392 0.898264 
0.556726 0.899862 0.988096 0.929459 0.416747 
0.999404 0.990473 0.877392 0.328784 0.872427 
0.989031 0.651336 0.997854 0.933891 0.910118 
0.998139 0.721297 0.838201 0.637027 0.514408 
0.597786 0.984767 0.984991 0.736467 0.79676 
0.657814 0.874241 0.374427 0.993333 0.94613 
0.334378 0.891054 0.952635 0.928242 0.971641 
0.985581 0.658628 0.563039 0.989694 0.793777 
0.016002 0.94738 0.620039 0.993689 0.923802 
0.542572 0.999939 0.98283 0.428288 0.24309 
0.7529 0.997157 0.222051 0.003211 0.965383 
0.984589 0.983148 0.760136 0.597405 0.58934 
0.297722 0.806983 0.966264 0.991897 0.815657 
0.759855 0.880883 0.999005 0.270486 0.060208 
0.600821 0.999954 0.220165 0.311714 0.974486 
0.845541 0.999695 0.876209 0.446245 0.040849 
0.899982 0.990535 0.924858 0.083273 0.577539 
0.542809 0.995622 0.416727 0.925087 0.940093 
0.995834 0.973874 0.902101 0.603873 0.29062 
0.760154 0.905694 0.994353 0.089127 0.956307 
0.415244 0.99807 0.558705 0.162847 0.977626 
0.704058 0.106026 0.983043 0.997958 0.680565 
0.854525 0.997735 0.928674 0.218804 0.443814 
0.83459 0.956259 0.847801 0.987702 0.306112 
0.643178 0.893318 0.999081 0.55081 0.458508 
0.755934 0.986039 0.358719 0.98897 0.620016 
0.998709 0.297431 0.924252 0.907921 0.432275 
0.254053 0.862557 0.99697 0.066936 0.990837 
0.803763 0.844807 0.671684 0.999242 0.254382 
0.920685 0.946005 0.51151 0.943528 0.869222 
0.989991 0.785615 0.831169 0.462545 0.999282 
0.590028 0.602308 0.987954 0.543997 0.961997 
0.119296 0.999755 0.879957 0.43065 0.934632 
0.940973 0.926388 0.806773 0.428087 0.862482 
0.34518 0.43946 0.997258 0.921281 0.961621 
0.970517 0.475684 0.826598 0.639554 0.988505 
0.695227 0.679544 0.090855 0.999744 0.703347 
0.950318 0.989089 0.622807 0.520421 0.711325 
0.441834 0.900041 0.991817 0.474859 0.961379 
0.557028 0.976593 0.605131 0.433807 0.997822 
0.976438 0.999826 0.082588 0.053327 0.270861 
0.866066 0.97144 0.996509 0.333466 0.556239 
0.558872 0.960962 0.893794 0.991823 0.569253 
0.39852 0.919496 0.973995 0.939938 0.544687 
0.994582 0.931968 0.588739 0.935067 0.673782 
0.724157 0.905436 0.665079 0.988549 0.538255 
0.924321 0.057349 0.861069 0.985302 0.972832 
0.990241 0.98566 0.97979 0.325517 0.968529 
0.826267 0.068126 0.999419 0.239054 0.780619 
0.870114 0.999181 0.235584 0.466623 0.540933 
0.068059 0.859696 0.917118 0.999969 0.480916 
0.024513 0.997797 0.969409 0.850796 0.328349 
0.376212 0.997191 0.786081 0.668527 0.929743 
0.019211 0.877967 0.996674 0.107507 0.862171 
0.20455 0.872985 0.256738 0.999569 0.75099 
0.995711 0.908065 0.845231 0.801053 0.295048 
0.628071 0.994222 0.897337 0.535662 0.872914 
0.905753 0.987887 0.416718 0.785144 0.912903 
0.24453 0.810527 0.533527 0.988158 0.972205 
0.658767 0.89064 0.985577 0.594624 0.847007 
0.9856 0.980065 0.951535 0.455882 0.013345 
0.634484 0.766716 0.19593 0.999392 0.785007 
0.589038 0.957577 0.997021 0.925019 0.793929 
0.622835 0.993572 0.959845 0.109052 0.834251 
0.086267 0.897125 0.978937 0.998941 0.207368 
0.488245 0.931389 0.851092 0.303682 0.975854 
0.478299 0.772476 0.999908 0.455583 0.990577 
0.823287 0.979449 0.602219 0.488664 0.98146 
0.960847 0.954881 0.688651 0.151127 0.996309 
0.869217 0.933076 0.205746 0.974764 0.856375 
0.804493 0.116679 0.028097 0.234129 0.99964 
0.950733 0.971259 0.955895 0.718932 0.088118 
0.022372 0.013669 0.737857 0.166776 0.999891 
0.406969 0.93014 0.870521 0.851966 0.985958 
0.743299 0.626463 0.956684 0.983696 0.986024 
0.821685 0.056747 0.742544 0.935919 0.986294 
0.02481 0.988845 0.510739 0.988077 0.60778 
0.706787 0.975829 0.751705 0.898971 0.998259 
0.168918 0.998599 0.448076 0.80799 0.881497 
0.894211 0.996643 0.572699 0.358956 0.965533 
0.99268 0.969773 0.968825 0.048096 0.354868 
0.979063 0.105839 0.837625 0.960903 0.901574 
0.67824 0.179032 0.998155 0.991768 0.652621 
0.761468 0.999158 0.856467 0.644628 0.263521 
0.928877 0.63024 0.450288 0.989051 0.976216 
0.950612 0.9299 0.823075 0.427138 0.915558 
0.922828 0.97598 0.291424 0.963525 0.970154 
0.904249 0.711649 0.687686 0.94645 0.98059 
0.972917 0.809841 0.996942 0.606941 0.857339 
0.999343 0.961204 0.94826 0.406046 0.417627 
0.50217 0.973632 0.82828 0.8967 0.830285 
0.822155 0.958093 0.662698 0.9571 0.986481 
0.999937 0.946015 0.674533 0.875655 0.128084 
0.858688 0.974594 0.996197 0.079428 0.950614 
0.319271 0.980603 0.98956 0.529772 0.884706 
0.99106 0.743024 0.997619 0.984189 0.260727 
0.989904 0.31018 0.195811 0.9916 0.817761 
0.999593 0.154666 0.473601 0.804942 0.662113 
0.128594 0.277737 0.928125 0.999748 0.769347 
0.931453 0.936656 0.384124 0.967674 0.698901 
0.928221 0.605164 0.984291 0.971227 0.407524 
0.405009 0.988154 0.903372 0.979104 0.798379 
0.530077 0.999223 0.938604 0.111519 0.30021 
0.489595 0.626795 0.547568 0.975723 0.982014 
0.727681 0.139406 0.993094 0.936846 0.565519 
0.999849 0.469586 0.333875 0.442833 0.697997 
0.758195 0.979407 0.892007 0.960541 0.820893 
0.218708 0.817565 0.816623 0.984708 0.9823 
0.976308 0.816442 0.933527 0.791752 0.974358 
0.709566 0.681894 0.596105 0.73987 0.999849 
0.54275 0.992195 0.825371 0.011123 0.948029 
0.753438 0.026596 0.998987 0.975534 0.795586 
0.846849 0.991668 0.956287 0.311928 0.573152 
0.933479 0.98994 0.927962 0.262656 0.453313 
0.985958 0.989511 0.71601 0.980108 0.682542 
0.728475 0.47514 0.675663 0.869995 0.99916 
0.718565 0.919726 0.834861 0.503896 0.984206 
0.891704 0.873386 0.995524 0.77052 0.135191 
0.925681 0.927182 0.140229 0.83316 0.914482 
0.902658 0.97858 0.988618 0.710661 0.07812 
0.783618 0.268638 0.995712 0.936028 0.829748 
0.845837 0.988278 0.983136 0.567849 0.845488 
0.175634 0.879692 0.985577 0.60094 0.998002 
0.729575 0.973726 0.417087 0.988457 0.999927 
0.865097 0.682809 0.974936 0.756647 0.969173 
0.452011 0.9519 0.580353 0.988692 0.943377 
0.921519 0.97255 0.640024 0.891651 0.974058 
0.953947 0.98994 0.921873 0.926256 0.592372 
0.986722 0.833342 0.985518 0.607547 0.038091 
0.890755 0.925851 0.785372 0.740459 0.896825 
0.953111 0.929719 0.786256 0.608432 0.916019 
0.223864 0.475814 0.998079 0.719639 0.974385 
0.600722 0.339738 0.977628 0.999111 0.063351 
0.730095 0.698696 0.979452 0.646931 0.964048 
0.754666 0.674233 0.833195 0.515023 0.994728 
0.853807 0.927767 0.984119 0.090019 0.954659 
0.94222 0.891291 0.919837 0.696128 0.820672 
0.747954 0.864735 0.60338 0.99956 0.60963 
0.866602 0.98179 0.952781 0.384408 0.73877 
0.99454 0.241862 0.981194 0.924572 0.281099 
0.449626 0.871818 0.652763 0.992485 0.692426 
0.595525 0.990108 0.747968 0.090017 0.918611 
0.495329 0.992089 0.047658 0.991773 0.732724 
0.059314 0.889451 0.998094 0.972846 0.616445 
0.999973 0.550696 0.54712 0.454058 0.354576 
0.947718 0.294759 0.018502 0.964003 0.994851 
0.924189 0.839591 0.998043 0.105152 0.284949 
0.273695 0.997564 0.065389 0.987474 0.481084 
0.237579 0.993498 0.721603 0.989439 0.493805 
0.871672 0.193194 0.006418 0.874635 0.998267 
0.989879 0.892127 0.973319 0.577709 0.562315 
0.520552 0.922172 0.948852 0.362526 0.977107 
0.977802 0.920711 0.38274 0.714701 0.987322 
0.865764 0.899914 0.852104 0.306657 0.977502 
0.220606 0.726181 0.928839 0.997643 0.38241 
0.980068 0.998462 0.15646 0.622857 0.353921 
0.588444 0.978933 0.922525 0.872404 0.499776 
0.952655 0.270779 0.986015 0.950895 0.686368 
0.346344 0.99884 0.502025 0.540719 0.85992 
0.310412 0.099948 0.827988 0.999106 0.981683 
0.797048 0.979413 0.998986 0.950568 0.190042 
0.977866 0.988932 0.975444 0.285128 0.143828 
0.691556 0.989088 0.602662 0.942154 0.783225 
0.959867 0.486713 0.190218 0.988218 0.975217 
0.280336 0.607366 0.999198 0.518703 0.84611 
0.304985 0.880155 0.767477 0.991371 0.970757 
0.731883 0.763873 0.417973 0.871065 0.994785 
0.931751 0.93294 0.924234 0.604916 0.81527 
0.119109 0.873316 0.822038 0.994566 0.673181 
0.961322 0.941675 0.738375 0.871217 0.538637 
0.885584 0.003267 0.915121 0.435771 0.996534 
0.976913 0.983208 0.781837 0.329496 0.841731 
0.524603 0.997724 0.752275 0.488597 0.855457 
0.967548 0.573478 0.448738 0.941571 0.987389 
0.99252 0.277502 0.969704 0.817261 0.709487 
0.998091 0.916926 0.778949 0.788828 0.829799 
0.327542 0.990476 0.930431 0.760374 0.609695 
0.476801 0.591657 0.979589 0.956977 0.920672 
0.718569 0.995814 0.645237 0.498839 0.980789 
0.816802 0.998619 0.7899 0.852425 0.699549 
0.682037 0.995146 0.412683 0.966078 0.865873 
0.432612 0.90149 0.346641 0.997018 0.874281 
0.98816 0.007667 0.851669 0.994902 0.32508 
0.532873 0.990599 0.993071 0.544439 0.39236 
0.763128 0.89183 0.983453 0.898585 0.521437 
0.997482 0.684168 0.804009 0.987007 0.624513 
0.079193 0.999291 0.083742 0.457605 0.959743 
0.87245 0.266494 0.963875 0.850121 0.975684 
0.217913 0.462367 0.999575 0.861122 0.885781 
0.984399 0.799584 0.607901 0.998075 0.640577 
0.649529 0.634257 0.959508 0.455048 0.989963 
0.847958 0.629195 0.888064 0.691675 0.989712 
0.081294 0.308245 0.681848 0.826084 0.99997 
0.820668 0.972057 0.35485 0.963753 0.80106 
0.993033 0.900431 0.542387 0.893544 0.793187 
0.210118 0.450229 0.998256 0.68685 0.896004 
0.634128 0.796566 0.88269 0.369489 0.998123 
0.918422 0.921449 0.800136 0.884747 0.94757 
0.344969 0.887008 0.942918 0.620694 0.99754 
0.860826 0.896909 0.342297 0.992614 0.86033 
0.238529 0.961592 0.481525 0.994681 0.606068 
0.157296 0.675158 0.373297 0.999463 0.967321 
0.19277 0.892366 0.99828 0.094471 0.778624 
0.411786 0.890565 0.727613 0.999785 0.381149 
0.10727 0.880983 0.673707 0.989469 0.998262 
0.864404 0.033971 0.947224 0.994644 0.984967 
0.945525 0.4421 0.380911 0.979352 0.968002 
0.931334 0.926 0.274047 0.91556 0.810809 
0.449978 0.771985 0.755102 0.999597 0.229831 
0.912479 0.03706 0.859758 0.957994 0.999641 
0.977483 0.557605 0.666499 0.856009 0.93927 
0.976728 0.862851 0.92878 0.998748 0.951434 
0.998086 0.834851 0.342164 0.755814 0.965865 
0.904323 0.949781 0.965771 0.708421 0.43146 
0.953875 0.776696 0.933955 0.98921 0.648921 
0.367346 0.98881 0.927807 0.659003 0.856566 
0.999151 0.73105 0.751573 0.688233 0.124629 
0.981817 0.403157 0.857964 0.802641 0.982725 
0.394119 0.957458 0.996288 0.604858 0.849363 
0.959621 0.351698 0.989079 0.449868 0.929916 
0.980541 0.950437 0.994565 0.654868 0.361812 
0.286428 0.991999 0.527527 0.144107 0.999783 
0.299809 0.884003 0.442018 0.996654 0.759225 
0.111857 0.979352 0.973097 0.84576 0.688803 
0.67216 0.997728 0.821562 0.992636 0.229375 
0.999716 0.22604 0.053837 0.843146 0.757929 
0.258923 0.726661 0.996307 0.938887 0.882161 
0.832384 0.881355 0.93164 0.078717 0.991467 
0.716904 0.999412 0.116407 0.451941 0.774023 
0.994934 0.847733 0.845889 0.863587 0.3009 
0.982683 0.953254 0.338355 0.724397 0.946785 
0.954362 0.970005 0.871296 0.866936 0.59228 
0.987263 0.925596 0.484743 0.068186 0.994253 
0.593736 0.924414 0.627952 0.995931 0.616966 
0.432082 0.995473 0.920624 0.920626 0.956658 
0.556635 0.363538 0.988746 0.849107 0.937201 
0.994581 0.930622 0.964239 0.970952 0.785959 
0.407907 0.688637 0.916939 0.991074 0.989038 
